<?xml version="1.0" encoding="UTF-8"?>
<!-- Generated by org.testng.reporters.JUnitReportReporter -->
<testsuite hostname="LAPTOP-NE3C2TSS" failures="0" tests="1" name="pack3.PratiqueCss" time="5.802" errors="0" timestamp="2022-04-14T20:55:16 EDT" skipped="0">
  <testcase classname="pack3.PratiqueCss" name="checkbox" time="5.802"/>
  <system-out/>
</testsuite> <!-- pack3.PratiqueCss -->
