<?xml version="1.0" encoding="UTF-8"?>
<!-- Generated by org.testng.reporters.JUnitReportReporter -->
<testsuite hostname="LAPTOP-NE3C2TSS" failures="0" tests="1" name="pack2.MySecondTest" time="5.447" errors="0" timestamp="2022-04-14T20:09:00 EDT" skipped="0">
  <testcase classname="pack2.MySecondTest" name="driverQuit" time="5.447"/>
  <system-out/>
</testsuite> <!-- pack2.MySecondTest -->
