<?xml version="1.0" encoding="UTF-8"?>
<!-- Generated by org.testng.reporters.JUnitReportReporter -->
<testsuite hostname="LAPTOP-NE3C2TSS" failures="0" tests="1" name="pack3.PratiqueWebDriver" time="2.062" errors="0" timestamp="2022-04-19T19:41:10 EDT" skipped="0">
  <testcase classname="pack3.PratiqueWebDriver" name="getDifferentValues2" time="2.062"/>
  <system-out/>
</testsuite> <!-- pack3.PratiqueWebDriver -->
