<?xml version="1.0" encoding="UTF-8"?>
<!-- Generated by org.testng.reporters.JUnitReportReporter -->
<testsuite hostname="LAPTOP-NE3C2TSS" failures="0" tests="2" name="pack2.MyFirstTestNGClass" time="3.963" errors="0" timestamp="2022-04-07T20:06:30 EDT" skipped="0">
  <testcase classname="pack2.MyFirstTestNGClass" name="demo" time="2.342"/>
  <system-out/>
  <testcase classname="pack2.MyFirstTestNGClass" name="demo2" time="1.621"/>
  <system-out/>
</testsuite> <!-- pack2.MyFirstTestNGClass -->
