<?xml version="1.0" encoding="UTF-8"?>
<!-- Generated by org.testng.reporters.JUnitReportReporter -->
<testsuite hostname="LAPTOP-NE3C2TSS" failures="0" tests="1" name="pack3.HandleMultipleWindows" time="6.533" errors="0" timestamp="2022-04-21T18:26:10 EDT" skipped="0">
  <testcase classname="pack3.HandleMultipleWindows" name="ExplicitWaitMechanism" time="6.533"/>
  <system-out/>
</testsuite> <!-- pack3.HandleMultipleWindows -->
